<?xml version="1.0" encoding="UTF-8"?>
<!-- Generated by org.testng.reporters.JUnitXMLReporter -->
<testsuite ignored="0" hostname="DESKTOP-FVFDV2E" failures="1" tests="5" name="Surefire test" time="60.12" errors="0" timestamp="2024-01-05T20:02:27 IST">
  <testcase classname="dhruvakumar.tests.ErrorValidationTest" name="loginErrorValidation" time="1.059">
    <failure type="java.lang.AssertionError" message="expected [Incorrect email or password.] but found [Incsorrect email or password.]">
      <![CDATA[java.lang.AssertionError: expected [Incorrect email or password.] but found [Incsorrect email or password.]
at dhruvakumar.tests.ErrorValidationTest.loginErrorValidation(ErrorValidationTest.java:25)
at java.base/java.util.ArrayList.forEach(ArrayList.java:1511)
... Removed 38 stack frames]]>
    </failure>
  </testcase> <!-- loginErrorValidation -->
  <testcase classname="dhruvakumar.tests.ErrorValidationTest" name="productErrorValidation" time="3.556"/>
  <testcase classname="dhruvakumar.tests.SubmitOrderTest" name="submitOrder" time="16.565"/>
  <testcase classname="dhruvakumar.tests.SubmitOrderTest" name="submitOrder" time="4.601"/>
  <testcase classname="dhruvakumar.tests.SubmitOrderTest" name="OrderHistoryTest" time="2.218"/>
</testsuite> <!-- Surefire test -->
