<?xml version="1.0" encoding="UTF-8"?>
<!-- Generated by org.testng.reporters.JUnitXMLReporter -->
<testsuite ignored="0" hostname="DESKTOP-FVFDV2E" failures="0" tests="2" name="Error Validation Test" time="31.442" errors="0" timestamp="2024-01-05T20:45:57 IST">
  <testcase classname="dhruvakumar.tests.ErrorValidationTest" name="loginErrorValidation" time="0.642"/>
  <testcase classname="dhruvakumar.tests.ErrorValidationTest" name="productErrorValidation" time="14.129"/>
</testsuite> <!-- Error Validation Test -->
