<?xml version="1.0" encoding="UTF-8"?>
<!-- Generated by org.testng.reporters.JUnitXMLReporter -->
<testsuite ignored="0" hostname="DESKTOP-FVFDV2E" failures="0" tests="3" name="Submit Order Test" time="44.665" errors="0" timestamp="2024-01-05T20:32:57 IST">
  <testcase classname="dhruvakumar.tests.SubmitOrderTest" name="submitOrder" time="15.57"/>
  <testcase classname="dhruvakumar.tests.SubmitOrderTest" name="submitOrder" time="15.133"/>
  <testcase classname="dhruvakumar.tests.SubmitOrderTest" name="OrderHistoryTest" time="0.671"/>
</testsuite> <!-- Submit Order Test -->
