<?xml version="1.0" encoding="UTF-8"?>
<!-- Generated by org.testng.reporters.JUnitXMLReporter -->
<testsuite ignored="0" hostname="DESKTOP-FVFDV2E" failures="1" tests="2" name="Error Validation Test" time="15.797" errors="0" timestamp="2024-01-05T18:48:11 IST">
  <testcase classname="dhruvakumar.tests.ErrorValidationTest" name="loginErrorValidation" time="0.875">
    <failure type="java.lang.AssertionError" message="expected [Incorrect email or password.] but found [Incsorrect email or password.]">
      <![CDATA[java.lang.AssertionError: expected [Incorrect email or password.] but found [Incsorrect email or password.]
at dhruvakumar.tests.ErrorValidationTest.loginErrorValidation(ErrorValidationTest.java:23)
at java.base/java.util.ArrayList.forEach(ArrayList.java:1511)
at java.base/java.util.concurrent.FutureTask.run(FutureTask.java:264)
at java.base/java.util.concurrent.ThreadPoolExecutor.runWorker(ThreadPoolExecutor.java:1136)
at java.base/java.util.concurrent.ThreadPoolExecutor$Worker.run(ThreadPoolExecutor.java:635)
at java.base/java.lang.Thread.run(Thread.java:833)
... Removed 23 stack frames]]>
    </failure>
  </testcase> <!-- loginErrorValidation -->
  <testcase classname="dhruvakumar.tests.ErrorValidationTest" name="productErrorValidation" time="2.902"/>
</testsuite> <!-- Error Validation Test -->
