<?xml version="1.0" encoding="UTF-8"?>
<!-- Generated by org.testng.reporters.JUnitXMLReporter -->
<testsuite ignored="0" hostname="DESKTOP-FVFDV2E" failures="0" tests="3" name="Submit Order Test" time="37.149" errors="0" timestamp="2024-01-05T18:48:32 IST">
  <testcase classname="dhruvakumar.tests.TicketModule" name="submitOrder" time="4.628"/>
  <testcase classname="dhruvakumar.tests.TicketModule" name="submitOrder" time="15.916"/>
  <testcase classname="dhruvakumar.tests.TicketModule" name="OrderHistoryTest" time="1.621"/>
</testsuite> <!-- Submit Order Test -->
