<?xml version="1.0" encoding="UTF-8"?>
<testng-results ignored="0" total="2" passed="2" failed="0" skipped="0">
  <reporter-output>
  </reporter-output>
  <suite started-at="2024-01-05T20:45:25 IST" name="E-Commerce App" finished-at="2024-01-05T20:45:56 IST" duration-ms="31442">
    <groups>
      <group name="ErrorHandling">
        <method signature="ErrorValidationTest.loginErrorValidation()[pri:0, instance:dhruvakumar.tests.ErrorValidationTest@3e08ff24]" name="loginErrorValidation" class="dhruvakumar.tests.ErrorValidationTest"/>
      </group> <!-- ErrorHandling -->
    </groups>
    <test started-at="2024-01-05T20:45:25 IST" name="Error Validation Test" finished-at="2024-01-05T20:45:56 IST" duration-ms="31442">
      <class name="dhruvakumar.tests.ErrorValidationTest">
        <test-method is-config="true" signature="lanuchApplication()[pri:0, instance:dhruvakumar.tests.ErrorValidationTest@3e08ff24]" started-at="2024-01-05T20:45:25 IST" name="lanuchApplication" finished-at="2024-01-05T20:45:38 IST" duration-ms="12786" status="PASS">
          <reporter-output>
          </reporter-output>
        </test-method> <!-- lanuchApplication -->
        <test-method signature="loginErrorValidation()[pri:0, instance:dhruvakumar.tests.ErrorValidationTest@3e08ff24]" started-at="2024-01-05T20:45:38 IST" name="loginErrorValidation" finished-at="2024-01-05T20:45:38 IST" duration-ms="642" status="PASS">
          <reporter-output>
          </reporter-output>
        </test-method> <!-- loginErrorValidation -->
        <test-method is-config="true" signature="tearDown()[pri:0, instance:dhruvakumar.tests.ErrorValidationTest@3e08ff24]" started-at="2024-01-05T20:45:38 IST" name="tearDown" finished-at="2024-01-05T20:45:39 IST" duration-ms="176" status="PASS">
          <reporter-output>
          </reporter-output>
        </test-method> <!-- tearDown -->
        <test-method is-config="true" signature="lanuchApplication()[pri:0, instance:dhruvakumar.tests.ErrorValidationTest@3e08ff24]" started-at="2024-01-05T20:45:39 IST" name="lanuchApplication" finished-at="2024-01-05T20:45:42 IST" duration-ms="3573" status="PASS">
          <reporter-output>
          </reporter-output>
        </test-method> <!-- lanuchApplication -->
        <test-method signature="productErrorValidation()[pri:0, instance:dhruvakumar.tests.ErrorValidationTest@3e08ff24]" started-at="2024-01-05T20:45:42 IST" name="productErrorValidation" finished-at="2024-01-05T20:45:56 IST" duration-ms="14129" status="PASS">
          <reporter-output>
          </reporter-output>
        </test-method> <!-- productErrorValidation -->
        <test-method is-config="true" signature="tearDown()[pri:0, instance:dhruvakumar.tests.ErrorValidationTest@3e08ff24]" started-at="2024-01-05T20:45:56 IST" name="tearDown" finished-at="2024-01-05T20:45:56 IST" duration-ms="55" status="PASS">
          <reporter-output>
          </reporter-output>
        </test-method> <!-- tearDown -->
      </class> <!-- dhruvakumar.tests.ErrorValidationTest -->
    </test> <!-- Error Validation Test -->
  </suite> <!-- E-Commerce App -->
</testng-results>
